<?xml version="1.0" encoding="UTF-8"?>

<!DOCTYPE channel-definition PUBLIC "-//uPortal//Channel Definition/EN" "channelDefinition.dtd">

<!-- This is a test portlet that comes with the Pluto Portal.
     http://jakarta.apache.org/pluto/
 -->

<channel-definition>

    <title>Test Portlet 2</title>
    <name>Test Portlet 2</name>
    <fname>test-portlet-2</fname>
    <desc>Test portlet 2 from Apache Pluto</desc>
    <type>Portlet</type>
    <class>org.jasig.portal.channels.portlet.CPortletAdapter</class>
    <timeout>60000</timeout>

    <hasedit>N</hasedit>
    <hashelp>N</hashelp>
    <hasabout>N</hasabout>

    <secure>N</secure>
    <locale>en_US</locale>

    <categories>
        <category>Development</category>
    </categories>

    <groups>
        <group>Everyone</group>
    </groups>

    <parameters>

        <!-- The syntax of the ID is [portlet-context-name].[portlet-name] -->
        <parameter>
            <name>portletDefinitionId</name>
            <value>testsuite.TestPortlet2</value>
            <description>Identifies the portlet deployed within the portlet container</description>
            <ovrd>N</ovrd>
        </parameter>

        <!-- Portlet entity preference names will be prepended with "PORTLET." -->
        <parameter>
            <name>PORTLET.TestName4</name>
            <value>TestValue4</value>
            <description>A test portlet entity preference</description>
            <ovrd>N</ovrd>
        </parameter>

    </parameters>

</channel-definition>
